<?xml version="1.0" encoding="UTF-8"?>
<!-- Generated by org.testng.reporters.JUnitReportReporter -->
<testsuite hostname="ganesh" name="pack1.list" tests="1" failures="0" timestamp="8 Jun 2017 18:23:33 GMT" time="339.084" errors="0">
  <testcase name="links" time="339.084" classname="pack1.list"/>
</testsuite> <!-- pack1.list -->
