<?xml version="1.0" encoding="UTF-8"?>
<!-- Generated by org.testng.reporters.JUnitReportReporter -->
<testsuite hostname="ganesh" name="pack1.keydrivenframework" tests="1" failures="0" timestamp="29 Jun 2017 17:41:56 GMT" time="13.982" errors="0">
  <testcase name="timetable" time="13.982" classname="pack1.keydrivenframework"/>
</testsuite> <!-- pack1.keydrivenframework -->
