<?xml version="1.0" encoding="UTF-8"?>
<!-- Generated by org.testng.reporters.JUnitReportReporter -->
<testsuite hostname="ganesh" name="pack1.DataDrivenFrame" tests="1" failures="0" timestamp="26 Aug 2017 16:38:52 GMT" time="65.292" errors="0">
  <testcase name="open" time="65.292" classname="pack1.DataDrivenFrame"/>
</testsuite> <!-- pack1.DataDrivenFrame -->
