<?xml version="1.0" encoding="UTF-8"?>
<!-- Generated by org.testng.reporters.JUnitReportReporter -->
<testsuite hostname="ganesh" name="pack1.Datadrivenfrw" tests="1" failures="0" timestamp="1 Jul 2017 17:09:56 GMT" time="25.276" errors="0">
  <testcase name="login" time="25.276" classname="pack1.Datadrivenfrw"/>
</testsuite> <!-- pack1.Datadrivenfrw -->
